<?xml version="1.0" encoding="UTF-8"?>
<testng-results skipped="0" failed="0" ignored="0" total="1" passed="1">
  <reporter-output>
  </reporter-output>
  <suite name="Default suite" duration-ms="30913" started-at="2019-06-19T17:55:37Z" finished-at="2019-06-19T17:56:08Z">
    <groups>
    </groups>
    <test name="Default test" duration-ms="30913" started-at="2019-06-19T17:55:37Z" finished-at="2019-06-19T17:56:08Z">
      <class name="com.training.sanity.tests.RETC_046_PropertyDetails">
        <test-method status="PASS" signature="setUpBeforeClass()[pri:0, instance:com.training.sanity.tests.RETC_046_PropertyDetails@3abbfa04]" name="setUpBeforeClass" is-config="true" duration-ms="57" started-at="2019-06-19T17:55:37Z" finished-at="2019-06-19T17:55:37Z">
          <reporter-output>
          </reporter-output>
        </test-method> <!-- setUpBeforeClass -->
        <test-method status="PASS" signature="setUp()[pri:0, instance:com.training.sanity.tests.RETC_046_PropertyDetails@3abbfa04]" name="setUp" is-config="true" duration-ms="20127" started-at="2019-06-19T17:55:37Z" finished-at="2019-06-19T17:55:57Z">
          <reporter-output>
          </reporter-output>
        </test-method> <!-- setUp -->
        <test-method status="PASS" signature="propertiesPOMTest()[pri:1, instance:com.training.sanity.tests.RETC_046_PropertyDetails@3abbfa04]" name="propertiesPOMTest" duration-ms="10701" started-at="2019-06-19T17:55:57Z" finished-at="2019-06-19T17:56:08Z">
          <reporter-output>
          </reporter-output>
        </test-method> <!-- propertiesPOMTest -->
        <test-method status="PASS" signature="tearDown()[pri:0, instance:com.training.sanity.tests.RETC_046_PropertyDetails@3abbfa04]" name="tearDown" is-config="true" duration-ms="1" started-at="2019-06-19T17:56:08Z" finished-at="2019-06-19T17:56:08Z">
          <reporter-output>
          </reporter-output>
        </test-method> <!-- tearDown -->
      </class> <!-- com.training.sanity.tests.RETC_046_PropertyDetails -->
    </test> <!-- Default test -->
  </suite> <!-- Default suite -->
</testng-results>
