<?xml version="1.0" encoding="UTF-8"?>
<!-- Generated by org.testng.reporters.JUnitXMLReporter -->
<testsuite hostname="DESKTOP-A4V53JD" ignored="0" name="Default test" tests="3" failures="0" timestamp="22 Jun 2019 08:51:58 GMT" time="86.807" errors="0">
  <testcase name="RETC_079" time="13.242" classname="com.training.regression.tests.LoginExcelTestMultipleFeature"/>
  <testcase name="RETC_079" time="5.391" classname="com.training.regression.tests.LoginExcelTestMultipleFeature"/>
  <testcase name="RETC_079" time="7.833" classname="com.training.regression.tests.LoginExcelTestMultipleFeature"/>
</testsuite> <!-- Default test -->
